{"level":"info","message":"Server running on port 4000","timestamp":"2025-05-23T08:38:41.035Z"}
{"level":"info","message":"GraphQL endpoint: http://localhost:4000/graphql","timestamp":"2025-05-23T08:38:41.036Z"}
{"level":"info","message":"Server running on port 4000","timestamp":"2025-05-23T08:40:58.958Z"}
{"level":"info","message":"GraphQL endpoint: http://localhost:4000/graphql","timestamp":"2025-05-23T08:40:58.959Z"}
{"level":"info","message":"Server running on port 4000","timestamp":"2025-05-23T08:41:16.325Z"}
{"level":"info","message":"REST API: http://localhost:4000/api","timestamp":"2025-05-23T08:41:16.327Z"}
{"level":"info","message":"GraphQL endpoint: http://localhost:4000/graphql","timestamp":"2025-05-23T08:41:16.327Z"}
{"level":"info","message":"Server running on port 4000","timestamp":"2025-05-23T08:42:38.832Z"}
{"level":"info","message":"REST API: http://localhost:4000/api","timestamp":"2025-05-23T08:42:38.834Z"}
{"level":"info","message":"GraphQL endpoint: http://localhost:4000/graphql","timestamp":"2025-05-23T08:42:38.834Z"}
{"level":"info","message":"Server running on port 4000","timestamp":"2025-05-23T08:43:01.378Z"}
{"level":"info","message":"REST API: http://localhost:4000/api","timestamp":"2025-05-23T08:43:01.380Z"}
{"level":"info","message":"GraphQL endpoint: http://localhost:4000/graphql","timestamp":"2025-05-23T08:43:01.380Z"}
{"code":14,"details":"No connection established. Last error: null","level":"error","message":"REST API Error: 14 UNAVAILABLE: No connection established. Last error: null","metadata":{},"stack":"Error: 14 UNAVAILABLE: No connection established. Last error: null\n    at callErrorFromStatus (/Users/jsarcade/machie-learning/TopReal/property-valuation-service/node-client/node_modules/@grpc/grpc-js/build/src/call.js:32:19)\n    at Object.onReceiveStatus (/Users/jsarcade/machie-learning/TopReal/property-valuation-service/node-client/node_modules/@grpc/grpc-js/build/src/client.js:193:76)\n    at Object.onReceiveStatus (/Users/jsarcade/machie-learning/TopReal/property-valuation-service/node-client/node_modules/@grpc/grpc-js/build/src/client-interceptors.js:361:141)\n    at Object.onReceiveStatus (/Users/jsarcade/machie-learning/TopReal/property-valuation-service/node-client/node_modules/@grpc/grpc-js/build/src/client-interceptors.js:324:181)\n    at /Users/jsarcade/machie-learning/TopReal/property-valuation-service/node-client/node_modules/@grpc/grpc-js/build/src/resolving-call.js:135:78\n    at process.processTicksAndRejections (node:internal/process/task_queues:77:11)\nfor call at\n    at ServiceClientImpl.makeUnaryRequest (/Users/jsarcade/machie-learning/TopReal/property-valuation-service/node-client/node_modules/@grpc/grpc-js/build/src/client.js:161:32)\n    at ServiceClientImpl.<anonymous> (/Users/jsarcade/machie-learning/TopReal/property-valuation-service/node-client/node_modules/@grpc/grpc-js/build/src/make-client.js:105:19)\n    at /Users/jsarcade/machie-learning/TopReal/property-valuation-service/node-client/index.js:78:19\n    at new Promise (<anonymous>)\n    at ValuationClient.calculateValuation (/Users/jsarcade/machie-learning/TopReal/property-valuation-service/node-client/index.js:74:12)\n    at /Users/jsarcade/machie-learning/TopReal/property-valuation-service/api/src/rest/routes.js:75:33\n    at Layer.handle [as handle_request] (/Users/jsarcade/machie-learning/TopReal/property-valuation-service/api/node_modules/express/lib/router/layer.js:95:5)\n    at next (/Users/jsarcade/machie-learning/TopReal/property-valuation-service/api/node_modules/express/lib/router/route.js:149:13)\n    at middleware (/Users/jsarcade/machie-learning/TopReal/property-valuation-service/api/node_modules/express-validator/lib/middlewares/check.js:16:13)\n    at process.processTicksAndRejections (node:internal/process/task_queues:95:5)","timestamp":"2025-05-23T08:43:26.634Z"}
{"level":"info","message":"Server running on port 4000","timestamp":"2025-05-23T08:43:56.399Z"}
{"level":"info","message":"REST API: http://localhost:4000/api","timestamp":"2025-05-23T08:43:56.401Z"}
{"level":"info","message":"GraphQL endpoint: http://localhost:4000/graphql","timestamp":"2025-05-23T08:43:56.401Z"}
{"level":"info","message":"Server running on port 4000","timestamp":"2025-05-23T08:43:59.426Z"}
{"level":"info","message":"REST API: http://localhost:4000/api","timestamp":"2025-05-23T08:43:59.428Z"}
{"level":"info","message":"GraphQL endpoint: http://localhost:4000/graphql","timestamp":"2025-05-23T08:43:59.428Z"}
{"level":"info","message":"Server running on port 4000","timestamp":"2025-05-23T08:44:11.448Z"}
{"level":"info","message":"REST API: http://localhost:4000/api","timestamp":"2025-05-23T08:44:11.450Z"}
{"level":"info","message":"GraphQL endpoint: http://localhost:4000/graphql","timestamp":"2025-05-23T08:44:11.450Z"}
{"level":"info","message":"Server running on port 4000","timestamp":"2025-05-23T08:44:30.332Z"}
{"level":"info","message":"REST API: http://localhost:4000/api","timestamp":"2025-05-23T08:44:30.334Z"}
{"level":"info","message":"GraphQL endpoint: http://localhost:4000/graphql","timestamp":"2025-05-23T08:44:30.334Z"}
{"level":"info","message":"Connecting to gRPC server at localhost:50051","timestamp":"2025-05-23T08:44:42.405Z"}
{"level":"error","message":"Failed to connect to gRPC server: this.client.waitForReady is not a function","stack":"TypeError: this.client.waitForReady is not a function\n    at GrpcClientManager.connect (/Users/jsarcade/machie-learning/TopReal/property-valuation-service/api/src/utils/grpcClient.js:23:25)\n    at /Users/jsarcade/machie-learning/TopReal/property-valuation-service/api/src/rest/routes.js:90:22\n    at Layer.handle [as handle_request] (/Users/jsarcade/machie-learning/TopReal/property-valuation-service/api/node_modules/express/lib/router/layer.js:95:5)\n    at next (/Users/jsarcade/machie-learning/TopReal/property-valuation-service/api/node_modules/express/lib/router/route.js:149:13)\n    at Route.dispatch (/Users/jsarcade/machie-learning/TopReal/property-valuation-service/api/node_modules/express/lib/router/route.js:119:3)\n    at Layer.handle [as handle_request] (/Users/jsarcade/machie-learning/TopReal/property-valuation-service/api/node_modules/express/lib/router/layer.js:95:5)\n    at /Users/jsarcade/machie-learning/TopReal/property-valuation-service/api/node_modules/express/lib/router/index.js:284:15\n    at Function.process_params (/Users/jsarcade/machie-learning/TopReal/property-valuation-service/api/node_modules/express/lib/router/index.js:346:12)\n    at next (/Users/jsarcade/machie-learning/TopReal/property-valuation-service/api/node_modules/express/lib/router/index.js:280:10)\n    at Function.handle (/Users/jsarcade/machie-learning/TopReal/property-valuation-service/api/node_modules/express/lib/router/index.js:175:3)","timestamp":"2025-05-23T08:44:42.409Z"}
{"level":"info","message":"Connecting to gRPC server at localhost:50051","timestamp":"2025-05-23T08:45:00.456Z"}
{"level":"error","message":"Failed to connect to gRPC server: this.client.waitForReady is not a function","stack":"TypeError: this.client.waitForReady is not a function\n    at GrpcClientManager.connect (/Users/jsarcade/machie-learning/TopReal/property-valuation-service/api/src/utils/grpcClient.js:23:25)\n    at /Users/jsarcade/machie-learning/TopReal/property-valuation-service/api/src/rest/routes.js:90:22\n    at Layer.handle [as handle_request] (/Users/jsarcade/machie-learning/TopReal/property-valuation-service/api/node_modules/express/lib/router/layer.js:95:5)\n    at next (/Users/jsarcade/machie-learning/TopReal/property-valuation-service/api/node_modules/express/lib/router/route.js:149:13)\n    at Route.dispatch (/Users/jsarcade/machie-learning/TopReal/property-valuation-service/api/node_modules/express/lib/router/route.js:119:3)\n    at Layer.handle [as handle_request] (/Users/jsarcade/machie-learning/TopReal/property-valuation-service/api/node_modules/express/lib/router/layer.js:95:5)\n    at /Users/jsarcade/machie-learning/TopReal/property-valuation-service/api/node_modules/express/lib/router/index.js:284:15\n    at Function.process_params (/Users/jsarcade/machie-learning/TopReal/property-valuation-service/api/node_modules/express/lib/router/index.js:346:12)\n    at next (/Users/jsarcade/machie-learning/TopReal/property-valuation-service/api/node_modules/express/lib/router/index.js:280:10)\n    at Function.handle (/Users/jsarcade/machie-learning/TopReal/property-valuation-service/api/node_modules/express/lib/router/index.js:175:3)","timestamp":"2025-05-23T08:45:00.462Z"}
{"level":"info","message":"Connecting to gRPC server at localhost:50051","timestamp":"2025-05-23T08:45:18.655Z"}
{"level":"error","message":"Failed to connect to gRPC server: this.client.waitForReady is not a function","stack":"TypeError: this.client.waitForReady is not a function\n    at GrpcClientManager.connect (/Users/jsarcade/machie-learning/TopReal/property-valuation-service/api/src/utils/grpcClient.js:23:25)\n    at GrpcClientManager.executeWithRetry (/Users/jsarcade/machie-learning/TopReal/property-valuation-service/api/src/utils/grpcClient.js:37:18)\n    at GrpcClientManager.calculateValuation (/Users/jsarcade/machie-learning/TopReal/property-valuation-service/api/src/utils/grpcClient.js:55:17)\n    at /Users/jsarcade/machie-learning/TopReal/property-valuation-service/api/src/rest/routes.js:74:37\n    at Layer.handle [as handle_request] (/Users/jsarcade/machie-learning/TopReal/property-valuation-service/api/node_modules/express/lib/router/layer.js:95:5)\n    at next (/Users/jsarcade/machie-learning/TopReal/property-valuation-service/api/node_modules/express/lib/router/route.js:149:13)\n    at middleware (/Users/jsarcade/machie-learning/TopReal/property-valuation-service/api/node_modules/express-validator/lib/middlewares/check.js:16:13)\n    at process.processTicksAndRejections (node:internal/process/task_queues:95:5)","timestamp":"2025-05-23T08:45:18.659Z"}
{"level":"error","message":"REST API Error: this.client.waitForReady is not a function","stack":"TypeError: this.client.waitForReady is not a function\n    at GrpcClientManager.connect (/Users/jsarcade/machie-learning/TopReal/property-valuation-service/api/src/utils/grpcClient.js:23:25)\n    at GrpcClientManager.executeWithRetry (/Users/jsarcade/machie-learning/TopReal/property-valuation-service/api/src/utils/grpcClient.js:37:18)\n    at GrpcClientManager.calculateValuation (/Users/jsarcade/machie-learning/TopReal/property-valuation-service/api/src/utils/grpcClient.js:55:17)\n    at /Users/jsarcade/machie-learning/TopReal/property-valuation-service/api/src/rest/routes.js:74:37\n    at Layer.handle [as handle_request] (/Users/jsarcade/machie-learning/TopReal/property-valuation-service/api/node_modules/express/lib/router/layer.js:95:5)\n    at next (/Users/jsarcade/machie-learning/TopReal/property-valuation-service/api/node_modules/express/lib/router/route.js:149:13)\n    at middleware (/Users/jsarcade/machie-learning/TopReal/property-valuation-service/api/node_modules/express-validator/lib/middlewares/check.js:16:13)\n    at process.processTicksAndRejections (node:internal/process/task_queues:95:5)","timestamp":"2025-05-23T08:45:18.659Z"}
{"level":"info","message":"Server running on port 4000","timestamp":"2025-05-23T08:45:41.464Z"}
{"level":"info","message":"REST API: http://localhost:4000/api","timestamp":"2025-05-23T08:45:41.465Z"}
{"level":"info","message":"GraphQL endpoint: http://localhost:4000/graphql","timestamp":"2025-05-23T08:45:41.465Z"}
{"level":"info","message":"Connecting to gRPC server at localhost:50051","timestamp":"2025-05-23T08:45:55.987Z"}
{"level":"error","message":"Failed to connect to gRPC server: gRPC server is not available","stack":"Error: gRPC server is not available\n    at GrpcClientManager.testConnection (/Users/jsarcade/machie-learning/TopReal/property-valuation-service/api/src/utils/grpcClient.js:52:15)\n    at process.processTicksAndRejections (node:internal/process/task_queues:95:5)\n    at async GrpcClientManager.connect (/Users/jsarcade/machie-learning/TopReal/property-valuation-service/api/src/utils/grpcClient.js:24:7)\n    at async /Users/jsarcade/machie-learning/TopReal/property-valuation-service/api/src/rest/routes.js:90:5","timestamp":"2025-05-23T08:45:55.993Z"}
{"level":"info","message":"Connecting to gRPC server at localhost:50051","timestamp":"2025-05-23T08:47:29.302Z"}
{"level":"error","message":"Failed to connect to gRPC server: gRPC server is not available","stack":"Error: gRPC server is not available\n    at GrpcClientManager.testConnection (/Users/jsarcade/machie-learning/TopReal/property-valuation-service/api/src/utils/grpcClient.js:52:15)\n    at process.processTicksAndRejections (node:internal/process/task_queues:95:5)\n    at async GrpcClientManager.connect (/Users/jsarcade/machie-learning/TopReal/property-valuation-service/api/src/utils/grpcClient.js:24:7)\n    at async GrpcClientManager.executeWithRetry (/Users/jsarcade/machie-learning/TopReal/property-valuation-service/api/src/utils/grpcClient.js:61:7)\n    at async /Users/jsarcade/machie-learning/TopReal/property-valuation-service/api/src/rest/routes.js:74:20","timestamp":"2025-05-23T08:47:29.308Z"}
{"level":"error","message":"REST API Error: gRPC server is not available","stack":"Error: gRPC server is not available\n    at GrpcClientManager.testConnection (/Users/jsarcade/machie-learning/TopReal/property-valuation-service/api/src/utils/grpcClient.js:52:15)\n    at process.processTicksAndRejections (node:internal/process/task_queues:95:5)\n    at async GrpcClientManager.connect (/Users/jsarcade/machie-learning/TopReal/property-valuation-service/api/src/utils/grpcClient.js:24:7)\n    at async GrpcClientManager.executeWithRetry (/Users/jsarcade/machie-learning/TopReal/property-valuation-service/api/src/utils/grpcClient.js:61:7)\n    at async /Users/jsarcade/machie-learning/TopReal/property-valuation-service/api/src/rest/routes.js:74:20","timestamp":"2025-05-23T08:47:29.308Z"}
{"level":"info","message":"Connecting to gRPC server at localhost:50051","timestamp":"2025-05-23T08:47:46.668Z"}
{"level":"error","message":"Failed to connect to gRPC server: gRPC server is not available","stack":"Error: gRPC server is not available\n    at GrpcClientManager.testConnection (/Users/jsarcade/machie-learning/TopReal/property-valuation-service/api/src/utils/grpcClient.js:52:15)\n    at process.processTicksAndRejections (node:internal/process/task_queues:95:5)\n    at async GrpcClientManager.connect (/Users/jsarcade/machie-learning/TopReal/property-valuation-service/api/src/utils/grpcClient.js:24:7)\n    at async /Users/jsarcade/machie-learning/TopReal/property-valuation-service/api/src/rest/routes.js:90:5","timestamp":"2025-05-23T08:47:46.674Z"}
{"level":"info","message":"Server running on port 4000","timestamp":"2025-05-23T08:48:26.977Z"}
{"level":"info","message":"REST API: http://localhost:4000/api","timestamp":"2025-05-23T08:48:26.979Z"}
{"level":"info","message":"GraphQL endpoint: http://localhost:4000/graphql","timestamp":"2025-05-23T08:48:26.979Z"}
{"level":"info","message":"Server running on port 4000","timestamp":"2025-05-23T08:49:03.483Z"}
{"level":"info","message":"REST API: http://localhost:4000/api","timestamp":"2025-05-23T08:49:03.485Z"}
{"level":"info","message":"GraphQL endpoint: http://localhost:4000/graphql","timestamp":"2025-05-23T08:49:03.485Z"}
{"level":"info","message":"Server running on port 4000","timestamp":"2025-05-23T08:49:18.608Z"}
{"level":"info","message":"REST API: http://localhost:4000/api","timestamp":"2025-05-23T08:49:18.610Z"}
{"level":"info","message":"GraphQL endpoint: http://localhost:4000/graphql","timestamp":"2025-05-23T08:49:18.610Z"}
{"level":"info","message":"Server running on port 4000","timestamp":"2025-05-23T08:49:40.542Z"}
{"level":"info","message":"REST API: http://localhost:4000/api","timestamp":"2025-05-23T08:49:40.543Z"}
{"level":"info","message":"GraphQL endpoint: http://localhost:4000/graphql","timestamp":"2025-05-23T08:49:40.543Z"}
{"level":"info","message":"Server running on port 4000","timestamp":"2025-05-23T08:50:07.445Z"}
{"level":"info","message":"REST API: http://localhost:4000/api","timestamp":"2025-05-23T08:50:07.447Z"}
{"level":"info","message":"GraphQL endpoint: http://localhost:4000/graphql","timestamp":"2025-05-23T08:50:07.447Z"}
{"level":"info","message":"Server running on port 4000","timestamp":"2025-05-23T08:52:26.038Z"}
{"level":"info","message":"REST API: http://localhost:4000/api","timestamp":"2025-05-23T08:52:26.040Z"}
{"level":"info","message":"GraphQL endpoint: http://localhost:4000/graphql","timestamp":"2025-05-23T08:52:26.040Z"}
{"level":"info","message":"Server running on port 4000","timestamp":"2025-05-23T09:11:43.201Z"}
{"level":"info","message":"REST API: http://localhost:4000/api","timestamp":"2025-05-23T09:11:43.203Z"}
{"level":"info","message":"GraphQL endpoint: http://localhost:4000/graphql","timestamp":"2025-05-23T09:11:43.203Z"}
{"level":"info","message":"Server running on port 4000","timestamp":"2025-05-23T09:13:11.143Z"}
{"level":"info","message":"REST API: http://localhost:4000/api","timestamp":"2025-05-23T09:13:11.145Z"}
{"level":"info","message":"GraphQL endpoint: http://localhost:4000/graphql","timestamp":"2025-05-23T09:13:11.145Z"}
{"level":"info","message":"Connecting to gRPC server at localhost:50051","timestamp":"2025-05-23T09:16:16.959Z"}
{"level":"info","message":"Successfully connected to gRPC server","timestamp":"2025-05-23T09:16:16.973Z"}
{"level":"info","message":"Server running on port 4000","timestamp":"2025-05-23T09:50:02.754Z"}
{"level":"info","message":"REST API: http://localhost:4000/api","timestamp":"2025-05-23T09:50:02.756Z"}
{"level":"info","message":"GraphQL endpoint: http://localhost:4000/graphql","timestamp":"2025-05-23T09:50:02.756Z"}
{"level":"info","message":"Server running on port 4000","timestamp":"2025-05-23T09:53:45.592Z"}
{"level":"info","message":"REST API: http://localhost:4000/api","timestamp":"2025-05-23T09:53:45.594Z"}
{"level":"info","message":"GraphQL endpoint: http://localhost:4000/graphql","timestamp":"2025-05-23T09:53:45.594Z"}
{"level":"info","message":"Server running on port 4000","timestamp":"2025-05-23T10:28:53.542Z"}
{"level":"info","message":"REST API: http://localhost:4000/api","timestamp":"2025-05-23T10:28:53.543Z"}
{"level":"info","message":"GraphQL endpoint: http://localhost:4000/graphql","timestamp":"2025-05-23T10:28:53.543Z"}
{"level":"info","message":"Server running on port 4000","timestamp":"2025-05-23T10:33:33.506Z"}
{"level":"info","message":"REST API: http://localhost:4000/api","timestamp":"2025-05-23T10:33:33.508Z"}
{"level":"info","message":"GraphQL endpoint: http://localhost:4000/graphql","timestamp":"2025-05-23T10:33:33.508Z"}
{"level":"info","message":"Connecting to gRPC server at localhost:50051","timestamp":"2025-05-23T10:33:42.595Z"}
{"level":"info","message":"Successfully connected to gRPC server","timestamp":"2025-05-23T10:33:42.604Z"}
{"level":"info","message":"Server running on port 4000","timestamp":"2025-05-23T14:03:21.398Z"}
{"level":"info","message":"REST API: http://localhost:4000/api","timestamp":"2025-05-23T14:03:21.399Z"}
{"level":"info","message":"GraphQL endpoint: http://localhost:4000/graphql","timestamp":"2025-05-23T14:03:21.400Z"}
{"level":"info","message":"Server running on port 4000","timestamp":"2025-05-23T14:03:42.344Z"}
{"level":"info","message":"REST API: http://localhost:4000/api","timestamp":"2025-05-23T14:03:42.345Z"}
{"level":"info","message":"GraphQL endpoint: http://localhost:4000/graphql","timestamp":"2025-05-23T14:03:42.346Z"}
{"level":"info","message":"Server running on port 4000","timestamp":"2025-05-23T14:14:06.932Z"}
{"level":"info","message":"REST API: http://localhost:4000/api","timestamp":"2025-05-23T14:14:06.934Z"}
{"level":"info","message":"GraphQL endpoint: http://localhost:4000/graphql","timestamp":"2025-05-23T14:14:06.934Z"}
{"level":"info","message":"Server running on port 4000","timestamp":"2025-05-27T10:39:38.622Z"}
{"level":"info","message":"REST API: http://localhost:4000/api","timestamp":"2025-05-27T10:39:38.624Z"}
{"level":"info","message":"GraphQL endpoint: http://localhost:4000/graphql","timestamp":"2025-05-27T10:39:38.624Z"}
